debug: Wed, 14 Sep 2022 08:21:01 GMT
debug: Project: /Users/swayambhupanda/Documents/GitHub/applet-framework-demo
debug: Targets: editor,preview
debug: Incremental file seems great.
debug: Engine path: /Applications/CocosCreator/Creator/3.5.0/CocosCreator.app/Contents/Resources/resources/3d/engine
debug: Initializing target [Editor]
debug: Loading cache
debug: Loading cache costs 12.312792003154755ms.
debug: Engine features shipped in editor: base,gfx-webgl,gfx-webgl2,3d,animation,skeletal-animation,2d,ui,particle,particle-2d,physics-framework,physics-2d-framework,intersection-2d,primitive,profiler,audio,video,terrain,webview,tween,tiled-map,spine,dragon-bones,marionette
debug: Initializing target [Preview]
debug: Loading cache
debug: Loading cache costs 6.420208007097244ms.
debug: Sync engine features: 2d,3d,animation,audio,base,dragon-bones,gfx-webgl,gfx-webgl2,intersection-2d,marionette,particle,particle-2d,physics-2d-box2d,physics-ammo,primitive,profiler,skeletal-animation,spine,terrain,tiled-map,tween,ui,video,webview
debug: Pulling asset-db.
debug: Fetch asset-db cost: 117.62216700613499ms.
debug: Build iteration starts.
Number of accumulated asset changes: 97
Feature changed: false
debug: Target(editor) build started.
debug: Detected change: cce:/internal/x/cc. Last mtime: Thu Jan 01 1970 05:30:14 GMT+0530 (India Standard Time), Current mtime: Thu Jan 01 1970 05:30:14 GMT+0530 (India Standard Time)
debug: Inspect cce:/internal/x/cc
debug: Resolve cce:/internal/x/cc-fu/base from cce:/internal/x/cc as external dependency cce:/internal/x/cc-fu/base.
debug: Resolve cce:/internal/x/cc-fu/gfx-webgl from cce:/internal/x/cc as external dependency cce:/internal/x/cc-fu/gfx-webgl.
debug: Resolve cce:/internal/x/cc-fu/gfx-webgl2 from cce:/internal/x/cc as external dependency cce:/internal/x/cc-fu/gfx-webgl2.
debug: Resolve cce:/internal/x/cc-fu/3d from cce:/internal/x/cc as external dependency cce:/internal/x/cc-fu/3d.
debug: Resolve cce:/internal/x/cc-fu/animation from cce:/internal/x/cc as external dependency cce:/internal/x/cc-fu/animation.
debug: Resolve cce:/internal/x/cc-fu/skeletal-animation from cce:/internal/x/cc as external dependency cce:/internal/x/cc-fu/skeletal-animation.
debug: Resolve cce:/internal/x/cc-fu/2d from cce:/internal/x/cc as external dependency cce:/internal/x/cc-fu/2d.
debug: Resolve cce:/internal/x/cc-fu/ui from cce:/internal/x/cc as external dependency cce:/internal/x/cc-fu/ui.
debug: Resolve cce:/internal/x/cc-fu/particle from cce:/internal/x/cc as external dependency cce:/internal/x/cc-fu/particle.
debug: Resolve cce:/internal/x/cc-fu/particle-2d from cce:/internal/x/cc as external dependency cce:/internal/x/cc-fu/particle-2d.
debug: Resolve cce:/internal/x/cc-fu/physics-framework from cce:/internal/x/cc as external dependency cce:/internal/x/cc-fu/physics-framework.
debug: Resolve cce:/internal/x/cc-fu/physics-2d-framework from cce:/internal/x/cc as external dependency cce:/internal/x/cc-fu/physics-2d-framework.
debug: Resolve cce:/internal/x/cc-fu/intersection-2d from cce:/internal/x/cc as external dependency cce:/internal/x/cc-fu/intersection-2d.
debug: Resolve cce:/internal/x/cc-fu/primitive from cce:/internal/x/cc as external dependency cce:/internal/x/cc-fu/primitive.
debug: Resolve cce:/internal/x/cc-fu/profiler from cce:/internal/x/cc as external dependency cce:/internal/x/cc-fu/profiler.
debug: Resolve cce:/internal/x/cc-fu/audio from cce:/internal/x/cc as external dependency cce:/internal/x/cc-fu/audio.
debug: Resolve cce:/internal/x/cc-fu/video from cce:/internal/x/cc as external dependency cce:/internal/x/cc-fu/video.
debug: Resolve cce:/internal/x/cc-fu/terrain from cce:/internal/x/cc as external dependency cce:/internal/x/cc-fu/terrain.
debug: Resolve cce:/internal/x/cc-fu/webview from cce:/internal/x/cc as external dependency cce:/internal/x/cc-fu/webview.
debug: Resolve cce:/internal/x/cc-fu/tween from cce:/internal/x/cc as external dependency cce:/internal/x/cc-fu/tween.
debug: Resolve cce:/internal/x/cc-fu/tiled-map from cce:/internal/x/cc as external dependency cce:/internal/x/cc-fu/tiled-map.
debug: Resolve cce:/internal/x/cc-fu/spine from cce:/internal/x/cc as external dependency cce:/internal/x/cc-fu/spine.
debug: Resolve cce:/internal/x/cc-fu/dragon-bones from cce:/internal/x/cc as external dependency cce:/internal/x/cc-fu/dragon-bones.
debug: Detected change: cce:/internal/x/prerequisite-imports. Last mtime: Thu Jan 01 1970 05:30:14 GMT+0530 (India Standard Time), Current mtime: Thu Jan 01 1970 05:30:14 GMT+0530 (India Standard Time)
debug: Inspect cce:/internal/x/prerequisite-imports
debug: Resolve file:///Users/swayambhupanda/Documents/GitHub/applet-framework-demo/assets/AddImage/script/AddImage.ts from cce:/internal/x/prerequisite-imports as file:///Users/swayambhupanda/Documents/GitHub/applet-framework-demo/assets/AddImage/script/AddImage.ts.
debug: Detected change: cce:/internal/code-quality/cr.mjs. Last mtime: Wed Sep 14 2022 13:09:34 GMT+0530 (India Standard Time), Current mtime: Wed Sep 14 2022 13:50:47 GMT+0530 (India Standard Time)
debug: Inspect cce:/internal/code-quality/cr.mjs
debug: Detected change: cce:/internal/ml/cjs-loader.mjs. Last mtime: Wed Sep 14 2022 13:09:34 GMT+0530 (India Standard Time), Current mtime: Wed Sep 14 2022 13:50:47 GMT+0530 (India Standard Time)
debug: Inspect cce:/internal/ml/cjs-loader.mjs
debug: Resolve file:///Users/swayambhupanda/Documents/GitHub/applet-framework-demo/assets/Audio/Audio.ts from cce:/internal/x/prerequisite-imports as file:///Users/swayambhupanda/Documents/GitHub/applet-framework-demo/assets/Audio/Audio.ts.
debug: Resolve file:///Users/swayambhupanda/Documents/GitHub/applet-framework-demo/assets/Background/ChangeBackground.ts from cce:/internal/x/prerequisite-imports as file:///Users/swayambhupanda/Documents/GitHub/applet-framework-demo/assets/Background/ChangeBackground.ts.
debug: Resolve file:///Users/swayambhupanda/Documents/GitHub/applet-framework-demo/assets/Background/CheckPrompt.ts from cce:/internal/x/prerequisite-imports as file:///Users/swayambhupanda/Documents/GitHub/applet-framework-demo/assets/Background/CheckPrompt.ts.
debug: Resolve file:///Users/swayambhupanda/Documents/GitHub/applet-framework-demo/assets/Background/ClickToAppear.ts from cce:/internal/x/prerequisite-imports as file:///Users/swayambhupanda/Documents/GitHub/applet-framework-demo/assets/Background/ClickToAppear.ts.
debug: Resolve file:///Users/swayambhupanda/Documents/GitHub/applet-framework-demo/assets/Background/ValidationEvent.ts from cce:/internal/x/prerequisite-imports as file:///Users/swayambhupanda/Documents/GitHub/applet-framework-demo/assets/Background/ValidationEvent.ts.
debug: Resolve file:///Users/swayambhupanda/Documents/GitHub/applet-framework-demo/assets/Background/puzzle.ts from cce:/internal/x/prerequisite-imports as file:///Users/swayambhupanda/Documents/GitHub/applet-framework-demo/assets/Background/puzzle.ts.
debug: Resolve file:///Users/swayambhupanda/Documents/GitHub/applet-framework-demo/assets/Definition/Definition.ts from cce:/internal/x/prerequisite-imports as file:///Users/swayambhupanda/Documents/GitHub/applet-framework-demo/assets/Definition/Definition.ts.
debug: Resolve file:///Users/swayambhupanda/Documents/GitHub/applet-framework-demo/assets/FIB/FIB.ts from cce:/internal/x/prerequisite-imports as file:///Users/swayambhupanda/Documents/GitHub/applet-framework-demo/assets/FIB/FIB.ts.
debug: Resolve file:///Users/swayambhupanda/Documents/GitHub/applet-framework-demo/assets/GuessTheWord/GuessTheWord.ts from cce:/internal/x/prerequisite-imports as file:///Users/swayambhupanda/Documents/GitHub/applet-framework-demo/assets/GuessTheWord/GuessTheWord.ts.
debug: Resolve file:///Users/swayambhupanda/Documents/GitHub/applet-framework-demo/assets/MCQ/script/MCQ.ts from cce:/internal/x/prerequisite-imports as file:///Users/swayambhupanda/Documents/GitHub/applet-framework-demo/assets/MCQ/script/MCQ.ts.
debug: Resolve file:///Users/swayambhupanda/Documents/GitHub/applet-framework-demo/assets/PickSentence/PickSentence.ts from cce:/internal/x/prerequisite-imports as file:///Users/swayambhupanda/Documents/GitHub/applet-framework-demo/assets/PickSentence/PickSentence.ts.
debug: Resolve file:///Users/swayambhupanda/Documents/GitHub/applet-framework-demo/assets/SelectAndMatch/SelectAndMatch.ts from cce:/internal/x/prerequisite-imports as file:///Users/swayambhupanda/Documents/GitHub/applet-framework-demo/assets/SelectAndMatch/SelectAndMatch.ts.
debug: Resolve file:///Users/swayambhupanda/Documents/GitHub/applet-framework-demo/assets/SnapRearrange/SnapRearrange.ts from cce:/internal/x/prerequisite-imports as file:///Users/swayambhupanda/Documents/GitHub/applet-framework-demo/assets/SnapRearrange/SnapRearrange.ts.
debug: Resolve file:///Users/swayambhupanda/Documents/GitHub/applet-framework-demo/assets/SnapRearrange/assets/Rearrange.ts from cce:/internal/x/prerequisite-imports as file:///Users/swayambhupanda/Documents/GitHub/applet-framework-demo/assets/SnapRearrange/assets/Rearrange.ts.
debug: Resolve file:///Users/swayambhupanda/Documents/GitHub/applet-framework-demo/assets/SnapToSlot/SnapToSlot.ts from cce:/internal/x/prerequisite-imports as file:///Users/swayambhupanda/Documents/GitHub/applet-framework-demo/assets/SnapToSlot/SnapToSlot.ts.
debug: Resolve file:///Users/swayambhupanda/Documents/GitHub/applet-framework-demo/assets/Storypanel/StoryPanel.ts from cce:/internal/x/prerequisite-imports as file:///Users/swayambhupanda/Documents/GitHub/applet-framework-demo/assets/Storypanel/StoryPanel.ts.
debug: Resolve file:///Users/swayambhupanda/Documents/GitHub/applet-framework-demo/assets/Swap/Swap.ts from cce:/internal/x/prerequisite-imports as file:///Users/swayambhupanda/Documents/GitHub/applet-framework-demo/assets/Swap/Swap.ts.
debug: Resolve file:///Users/swayambhupanda/Documents/GitHub/applet-framework-demo/assets/TapPop/AppletController.ts from cce:/internal/x/prerequisite-imports as file:///Users/swayambhupanda/Documents/GitHub/applet-framework-demo/assets/TapPop/AppletController.ts.
debug: Resolve file:///Users/swayambhupanda/Documents/GitHub/applet-framework-demo/assets/TapPop/TapPop.ts from cce:/internal/x/prerequisite-imports as file:///Users/swayambhupanda/Documents/GitHub/applet-framework-demo/assets/TapPop/TapPop.ts.
debug: Resolve file:///Users/swayambhupanda/Documents/GitHub/applet-framework-demo/assets/TapToReveal/TapToReveal.ts from cce:/internal/x/prerequisite-imports as file:///Users/swayambhupanda/Documents/GitHub/applet-framework-demo/assets/TapToReveal/TapToReveal.ts.
debug: Resolve file:///Users/swayambhupanda/Documents/GitHub/applet-framework-demo/assets/Video/Video.ts from cce:/internal/x/prerequisite-imports as file:///Users/swayambhupanda/Documents/GitHub/applet-framework-demo/assets/Video/Video.ts.
debug: Resolve file:///Users/swayambhupanda/Documents/GitHub/applet-framework-demo/extensions/as_framework/framework/assets/scripts/ASComponent.ts from cce:/internal/x/prerequisite-imports as file:///Users/swayambhupanda/Documents/GitHub/applet-framework-demo/extensions/as_framework/framework/assets/scripts/ASComponent.ts.
debug: Resolve file:///Users/swayambhupanda/Documents/GitHub/applet-framework-demo/extensions/as_framework/framework/assets/scripts/AppletConfig.ts from cce:/internal/x/prerequisite-imports as file:///Users/swayambhupanda/Documents/GitHub/applet-framework-demo/extensions/as_framework/framework/assets/scripts/AppletConfig.ts.
debug: Resolve file:///Users/swayambhupanda/Documents/GitHub/applet-framework-demo/extensions/as_framework/framework/assets/scripts/BiDirectionalMap.ts from cce:/internal/x/prerequisite-imports as file:///Users/swayambhupanda/Documents/GitHub/applet-framework-demo/extensions/as_framework/framework/assets/scripts/BiDirectionalMap.ts.
debug: Resolve file:///Users/swayambhupanda/Documents/GitHub/applet-framework-demo/extensions/as_framework/framework/assets/scripts/Blackboard.ts from cce:/internal/x/prerequisite-imports as file:///Users/swayambhupanda/Documents/GitHub/applet-framework-demo/extensions/as_framework/framework/assets/scripts/Blackboard.ts.
debug: Resolve file:///Users/swayambhupanda/Documents/GitHub/applet-framework-demo/extensions/as_framework/framework/assets/scripts/ColourRect.ts from cce:/internal/x/prerequisite-imports as file:///Users/swayambhupanda/Documents/GitHub/applet-framework-demo/extensions/as_framework/framework/assets/scripts/ColourRect.ts.
debug: Resolve file:///Users/swayambhupanda/Documents/GitHub/applet-framework-demo/extensions/as_framework/framework/assets/scripts/DownloadButton.ts from cce:/internal/x/prerequisite-imports as file:///Users/swayambhupanda/Documents/GitHub/applet-framework-demo/extensions/as_framework/framework/assets/scripts/DownloadButton.ts.
debug: Resolve file:///Users/swayambhupanda/Documents/GitHub/applet-framework-demo/extensions/as_framework/framework/assets/scripts/ErrorHandling.ts from cce:/internal/x/prerequisite-imports as file:///Users/swayambhupanda/Documents/GitHub/applet-framework-demo/extensions/as_framework/framework/assets/scripts/ErrorHandling.ts.
debug: Resolve file:///Users/swayambhupanda/Documents/GitHub/applet-framework-demo/extensions/as_framework/framework/assets/scripts/FontManager.ts from cce:/internal/x/prerequisite-imports as file:///Users/swayambhupanda/Documents/GitHub/applet-framework-demo/extensions/as_framework/framework/assets/scripts/FontManager.ts.
debug: Resolve file:///Users/swayambhupanda/Documents/GitHub/applet-framework-demo/extensions/as_framework/framework/assets/scripts/GameLoading.ts from cce:/internal/x/prerequisite-imports as file:///Users/swayambhupanda/Documents/GitHub/applet-framework-demo/extensions/as_framework/framework/assets/scripts/GameLoading.ts.
debug: Resolve file:///Users/swayambhupanda/Documents/GitHub/applet-framework-demo/extensions/as_framework/framework/assets/scripts/GeogebraView.ts from cce:/internal/x/prerequisite-imports as file:///Users/swayambhupanda/Documents/GitHub/applet-framework-demo/extensions/as_framework/framework/assets/scripts/GeogebraView.ts.
debug: Resolve file:///Users/swayambhupanda/Documents/GitHub/applet-framework-demo/extensions/as_framework/framework/assets/scripts/GifPlayer.ts from cce:/internal/x/prerequisite-imports as file:///Users/swayambhupanda/Documents/GitHub/applet-framework-demo/extensions/as_framework/framework/assets/scripts/GifPlayer.ts.
debug: Resolve file:///Users/swayambhupanda/Documents/GitHub/applet-framework-demo/extensions/as_framework/framework/assets/scripts/GroupTag.ts from cce:/internal/x/prerequisite-imports as file:///Users/swayambhupanda/Documents/GitHub/applet-framework-demo/extensions/as_framework/framework/assets/scripts/GroupTag.ts.
debug: Resolve file:///Users/swayambhupanda/Documents/GitHub/applet-framework-demo/extensions/as_framework/framework/assets/scripts/GroupToggle.ts from cce:/internal/x/prerequisite-imports as file:///Users/swayambhupanda/Documents/GitHub/applet-framework-demo/extensions/as_framework/framework/assets/scripts/GroupToggle.ts.
debug: Resolve file:///Users/swayambhupanda/Documents/GitHub/applet-framework-demo/extensions/as_framework/framework/assets/scripts/LatexRenderer.ts from cce:/internal/x/prerequisite-imports as file:///Users/swayambhupanda/Documents/GitHub/applet-framework-demo/extensions/as_framework/framework/assets/scripts/LatexRenderer.ts.
debug: Resolve file:///Users/swayambhupanda/Documents/GitHub/applet-framework-demo/extensions/as_framework/framework/assets/scripts/LiteEvent.ts from cce:/internal/x/prerequisite-imports as file:///Users/swayambhupanda/Documents/GitHub/applet-framework-demo/extensions/as_framework/framework/assets/scripts/LiteEvent.ts.
debug: Resolve file:///Users/swayambhupanda/Documents/GitHub/applet-framework-demo/extensions/as_framework/framework/assets/scripts/Logger.ts from cce:/internal/x/prerequisite-imports as file:///Users/swayambhupanda/Documents/GitHub/applet-framework-demo/extensions/as_framework/framework/assets/scripts/Logger.ts.
debug: Resolve file:///Users/swayambhupanda/Documents/GitHub/applet-framework-demo/extensions/as_framework/framework/assets/scripts/MatchTheFollowing.ts from cce:/internal/x/prerequisite-imports as file:///Users/swayambhupanda/Documents/GitHub/applet-framework-demo/extensions/as_framework/framework/assets/scripts/MatchTheFollowing.ts.
debug: Resolve file:///Users/swayambhupanda/Documents/GitHub/applet-framework-demo/extensions/as_framework/framework/assets/scripts/MenuController.ts from cce:/internal/x/prerequisite-imports as file:///Users/swayambhupanda/Documents/GitHub/applet-framework-demo/extensions/as_framework/framework/assets/scripts/MenuController.ts.
debug: Resolve file:///Users/swayambhupanda/Documents/GitHub/applet-framework-demo/extensions/as_framework/framework/assets/scripts/NetworkReplicator.ts from cce:/internal/x/prerequisite-imports as file:///Users/swayambhupanda/Documents/GitHub/applet-framework-demo/extensions/as_framework/framework/assets/scripts/NetworkReplicator.ts.
debug: Resolve file:///Users/swayambhupanda/Documents/GitHub/applet-framework-demo/extensions/as_framework/framework/assets/scripts/OptionButton.ts from cce:/internal/x/prerequisite-imports as file:///Users/swayambhupanda/Documents/GitHub/applet-framework-demo/extensions/as_framework/framework/assets/scripts/OptionButton.ts.
debug: Resolve file:///Users/swayambhupanda/Documents/GitHub/applet-framework-demo/extensions/as_framework/framework/assets/scripts/OptionData.ts from cce:/internal/x/prerequisite-imports as file:///Users/swayambhupanda/Documents/GitHub/applet-framework-demo/extensions/as_framework/framework/assets/scripts/OptionData.ts.
debug: Resolve file:///Users/swayambhupanda/Documents/GitHub/applet-framework-demo/extensions/as_framework/framework/assets/scripts/OptionItem.ts from cce:/internal/x/prerequisite-imports as file:///Users/swayambhupanda/Documents/GitHub/applet-framework-demo/extensions/as_framework/framework/assets/scripts/OptionItem.ts.
debug: Resolve file:///Users/swayambhupanda/Documents/GitHub/applet-framework-demo/extensions/as_framework/framework/assets/scripts/ReplicatedButton.ts from cce:/internal/x/prerequisite-imports as file:///Users/swayambhupanda/Documents/GitHub/applet-framework-demo/extensions/as_framework/framework/assets/scripts/ReplicatedButton.ts.
debug: Resolve file:///Users/swayambhupanda/Documents/GitHub/applet-framework-demo/extensions/as_framework/framework/assets/scripts/ReplicatedEditBox.ts from cce:/internal/x/prerequisite-imports as file:///Users/swayambhupanda/Documents/GitHub/applet-framework-demo/extensions/as_framework/framework/assets/scripts/ReplicatedEditBox.ts.
debug: Resolve file:///Users/swayambhupanda/Documents/GitHub/applet-framework-demo/extensions/as_framework/framework/assets/scripts/ReplicatedOptionButton.ts from cce:/internal/x/prerequisite-imports as file:///Users/swayambhupanda/Documents/GitHub/applet-framework-demo/extensions/as_framework/framework/assets/scripts/ReplicatedOptionButton.ts.
debug: Resolve file:///Users/swayambhupanda/Documents/GitHub/applet-framework-demo/extensions/as_framework/framework/assets/scripts/ReplicatedSlider.ts from cce:/internal/x/prerequisite-imports as file:///Users/swayambhupanda/Documents/GitHub/applet-framework-demo/extensions/as_framework/framework/assets/scripts/ReplicatedSlider.ts.
debug: Resolve file:///Users/swayambhupanda/Documents/GitHub/applet-framework-demo/extensions/as_framework/framework/assets/scripts/ReplicatedSoftEditBox.ts from cce:/internal/x/prerequisite-imports as file:///Users/swayambhupanda/Documents/GitHub/applet-framework-demo/extensions/as_framework/framework/assets/scripts/ReplicatedSoftEditBox.ts.
debug: Resolve file:///Users/swayambhupanda/Documents/GitHub/applet-framework-demo/extensions/as_framework/framework/assets/scripts/ReplicatedToggle.ts from cce:/internal/x/prerequisite-imports as file:///Users/swayambhupanda/Documents/GitHub/applet-framework-demo/extensions/as_framework/framework/assets/scripts/ReplicatedToggle.ts.
debug: Resolve file:///Users/swayambhupanda/Documents/GitHub/applet-framework-demo/extensions/as_framework/framework/assets/scripts/ReplicatedUIDrag.ts from cce:/internal/x/prerequisite-imports as file:///Users/swayambhupanda/Documents/GitHub/applet-framework-demo/extensions/as_framework/framework/assets/scripts/ReplicatedUIDrag.ts.
debug: Resolve file:///Users/swayambhupanda/Documents/GitHub/applet-framework-demo/extensions/as_framework/framework/assets/scripts/ReplicatedUIPopup.ts from cce:/internal/x/prerequisite-imports as file:///Users/swayambhupanda/Documents/GitHub/applet-framework-demo/extensions/as_framework/framework/assets/scripts/ReplicatedUIPopup.ts.
debug: Resolve file:///Users/swayambhupanda/Documents/GitHub/applet-framework-demo/extensions/as_framework/framework/assets/scripts/ResponsiveCanvas.ts from cce:/internal/x/prerequisite-imports as file:///Users/swayambhupanda/Documents/GitHub/applet-framework-demo/extensions/as_framework/framework/assets/scripts/ResponsiveCanvas.ts.
debug: Resolve file:///Users/swayambhupanda/Documents/GitHub/applet-framework-demo/extensions/as_framework/framework/assets/scripts/Screenshot.ts from cce:/internal/x/prerequisite-imports as file:///Users/swayambhupanda/Documents/GitHub/applet-framework-demo/extensions/as_framework/framework/assets/scripts/Screenshot.ts.
debug: Resolve file:///Users/swayambhupanda/Documents/GitHub/applet-framework-demo/extensions/as_framework/framework/assets/scripts/SoftEditBox.ts from cce:/internal/x/prerequisite-imports as file:///Users/swayambhupanda/Documents/GitHub/applet-framework-demo/extensions/as_framework/framework/assets/scripts/SoftEditBox.ts.
debug: Resolve file:///Users/swayambhupanda/Documents/GitHub/applet-framework-demo/extensions/as_framework/framework/assets/scripts/SoftKey.ts from cce:/internal/x/prerequisite-imports as file:///Users/swayambhupanda/Documents/GitHub/applet-framework-demo/extensions/as_framework/framework/assets/scripts/SoftKey.ts.
debug: Resolve file:///Users/swayambhupanda/Documents/GitHub/applet-framework-demo/extensions/as_framework/framework/assets/scripts/SoftKeypad.ts from cce:/internal/x/prerequisite-imports as file:///Users/swayambhupanda/Documents/GitHub/applet-framework-demo/extensions/as_framework/framework/assets/scripts/SoftKeypad.ts.
debug: Resolve file:///Users/swayambhupanda/Documents/GitHub/applet-framework-demo/extensions/as_framework/framework/assets/scripts/TranslatedLabel.ts from cce:/internal/x/prerequisite-imports as file:///Users/swayambhupanda/Documents/GitHub/applet-framework-demo/extensions/as_framework/framework/assets/scripts/TranslatedLabel.ts.
debug: Resolve file:///Users/swayambhupanda/Documents/GitHub/applet-framework-demo/extensions/as_framework/framework/assets/scripts/TranslatedOptionButton.ts from cce:/internal/x/prerequisite-imports as file:///Users/swayambhupanda/Documents/GitHub/applet-framework-demo/extensions/as_framework/framework/assets/scripts/TranslatedOptionButton.ts.
debug: Resolve file:///Users/swayambhupanda/Documents/GitHub/applet-framework-demo/extensions/as_framework/framework/assets/scripts/TranslatedSprite.ts from cce:/internal/x/prerequisite-imports as file:///Users/swayambhupanda/Documents/GitHub/applet-framework-demo/extensions/as_framework/framework/assets/scripts/TranslatedSprite.ts.
debug: Resolve file:///Users/swayambhupanda/Documents/GitHub/applet-framework-demo/extensions/as_framework/framework/assets/scripts/Translations.ts from cce:/internal/x/prerequisite-imports as file:///Users/swayambhupanda/Documents/GitHub/applet-framework-demo/extensions/as_framework/framework/assets/scripts/Translations.ts.
debug: Resolve file:///Users/swayambhupanda/Documents/GitHub/applet-framework-demo/extensions/as_framework/framework/assets/scripts/UIAnim.ts from cce:/internal/x/prerequisite-imports as file:///Users/swayambhupanda/Documents/GitHub/applet-framework-demo/extensions/as_framework/framework/assets/scripts/UIAnim.ts.
debug: Resolve file:///Users/swayambhupanda/Documents/GitHub/applet-framework-demo/extensions/as_framework/framework/assets/scripts/UIAnimLibrary.ts from cce:/internal/x/prerequisite-imports as file:///Users/swayambhupanda/Documents/GitHub/applet-framework-demo/extensions/as_framework/framework/assets/scripts/UIAnimLibrary.ts.
debug: Resolve file:///Users/swayambhupanda/Documents/GitHub/applet-framework-demo/extensions/as_framework/framework/assets/scripts/UIDrag.ts from cce:/internal/x/prerequisite-imports as file:///Users/swayambhupanda/Documents/GitHub/applet-framework-demo/extensions/as_framework/framework/assets/scripts/UIDrag.ts.
debug: Resolve file:///Users/swayambhupanda/Documents/GitHub/applet-framework-demo/extensions/as_framework/framework/assets/scripts/UIDragSort.ts from cce:/internal/x/prerequisite-imports as file:///Users/swayambhupanda/Documents/GitHub/applet-framework-demo/extensions/as_framework/framework/assets/scripts/UIDragSort.ts.
debug: Resolve file:///Users/swayambhupanda/Documents/GitHub/applet-framework-demo/extensions/as_framework/framework/assets/scripts/UIDragSwap.ts from cce:/internal/x/prerequisite-imports as file:///Users/swayambhupanda/Documents/GitHub/applet-framework-demo/extensions/as_framework/framework/assets/scripts/UIDragSwap.ts.
debug: Resolve file:///Users/swayambhupanda/Documents/GitHub/applet-framework-demo/extensions/as_framework/framework/assets/scripts/UIDrop.ts from cce:/internal/x/prerequisite-imports as file:///Users/swayambhupanda/Documents/GitHub/applet-framework-demo/extensions/as_framework/framework/assets/scripts/UIDrop.ts.
debug: Resolve file:///Users/swayambhupanda/Documents/GitHub/applet-framework-demo/extensions/as_framework/framework/assets/scripts/UIPopup.ts from cce:/internal/x/prerequisite-imports as file:///Users/swayambhupanda/Documents/GitHub/applet-framework-demo/extensions/as_framework/framework/assets/scripts/UIPopup.ts.
debug: Resolve file:///Users/swayambhupanda/Documents/GitHub/applet-framework-demo/extensions/as_framework/framework/assets/scripts/UITheme.ts from cce:/internal/x/prerequisite-imports as file:///Users/swayambhupanda/Documents/GitHub/applet-framework-demo/extensions/as_framework/framework/assets/scripts/UITheme.ts.
debug: Resolve file:///Users/swayambhupanda/Documents/GitHub/applet-framework-demo/extensions/as_framework/framework/assets/scripts/UIView.ts from cce:/internal/x/prerequisite-imports as file:///Users/swayambhupanda/Documents/GitHub/applet-framework-demo/extensions/as_framework/framework/assets/scripts/UIView.ts.
debug: Resolve file:///Users/swayambhupanda/Documents/GitHub/applet-framework-demo/extensions/as_framework/framework/assets/scripts/Utils.ts from cce:/internal/x/prerequisite-imports as file:///Users/swayambhupanda/Documents/GitHub/applet-framework-demo/extensions/as_framework/framework/assets/scripts/Utils.ts.
debug: Create cjs interop url for 'file:///Users/swayambhupanda/Documents/GitHub/applet-framework-demo/extensions/as_framework/framework/assets/scripts/bezier-easings.js'
debug: Resolve file:///Users/swayambhupanda/Documents/GitHub/applet-framework-demo/extensions/as_framework/framework/assets/scripts/bezier-easings.js from cce:/internal/x/prerequisite-imports as file:///Users/swayambhupanda/Documents/GitHub/applet-framework-demo/extensions/as_framework/framework/assets/scripts/bezier-easings.mjs?cjs=&original=.js.
debug: Create cjs interop url for 'file:///Users/swayambhupanda/Documents/GitHub/applet-framework-demo/extensions/as_framework/framework/assets/scripts/gif.js'
debug: Resolve file:///Users/swayambhupanda/Documents/GitHub/applet-framework-demo/extensions/as_framework/framework/assets/scripts/gif.js from cce:/internal/x/prerequisite-imports as file:///Users/swayambhupanda/Documents/GitHub/applet-framework-demo/extensions/as_framework/framework/assets/scripts/gif.mjs?cjs=&original=.js.
debug: Resolve file:///Users/swayambhupanda/Documents/GitHub/applet-framework-demo/extensions/as_framework/framework/assets/scripts/index.ts from cce:/internal/x/prerequisite-imports as file:///Users/swayambhupanda/Documents/GitHub/applet-framework-demo/extensions/as_framework/framework/assets/scripts/index.ts.
debug: Resolve file:///Users/swayambhupanda/Documents/GitHub/applet-framework-demo/extensions/as_framework/framework/assets/scripts/latex/RenderingState.ts from cce:/internal/x/prerequisite-imports as file:///Users/swayambhupanda/Documents/GitHub/applet-framework-demo/extensions/as_framework/framework/assets/scripts/latex/RenderingState.ts.
debug: Resolve file:///Users/swayambhupanda/Documents/GitHub/applet-framework-demo/extensions/as_framework/framework/assets/scripts/latex/VirtualNodeBuilder.ts from cce:/internal/x/prerequisite-imports as file:///Users/swayambhupanda/Documents/GitHub/applet-framework-demo/extensions/as_framework/framework/assets/scripts/latex/VirtualNodeBuilder.ts.
debug: Resolve file:///Users/swayambhupanda/Documents/GitHub/applet-framework-demo/extensions/as_framework/framework/assets/scripts/latex/classStateMapping.ts from cce:/internal/x/prerequisite-imports as file:///Users/swayambhupanda/Documents/GitHub/applet-framework-demo/extensions/as_framework/framework/assets/scripts/latex/classStateMapping.ts.
debug: Create cjs interop url for 'file:///Users/swayambhupanda/Documents/GitHub/applet-framework-demo/extensions/as_framework/framework/assets/scripts/latex/katex/contrib/mhchem.js'
debug: Resolve file:///Users/swayambhupanda/Documents/GitHub/applet-framework-demo/extensions/as_framework/framework/assets/scripts/latex/katex/contrib/mhchem.js from cce:/internal/x/prerequisite-imports as file:///Users/swayambhupanda/Documents/GitHub/applet-framework-demo/extensions/as_framework/framework/assets/scripts/latex/katex/contrib/mhchem.mjs?cjs=&original=.js.
debug: Create cjs interop url for 'file:///Users/swayambhupanda/Documents/GitHub/applet-framework-demo/extensions/as_framework/framework/assets/scripts/latex/katex/katex.js'
debug: Resolve file:///Users/swayambhupanda/Documents/GitHub/applet-framework-demo/extensions/as_framework/framework/assets/scripts/latex/katex/katex.js from cce:/internal/x/prerequisite-imports as file:///Users/swayambhupanda/Documents/GitHub/applet-framework-demo/extensions/as_framework/framework/assets/scripts/latex/katex/katex.mjs?cjs=&original=.js.
debug: Resolve file:///Users/swayambhupanda/Documents/GitHub/applet-framework-demo/extensions/as_framework/framework/assets/scripts/latex/styleStateMapping.ts from cce:/internal/x/prerequisite-imports as file:///Users/swayambhupanda/Documents/GitHub/applet-framework-demo/extensions/as_framework/framework/assets/scripts/latex/styleStateMapping.ts.
debug: Resolve file:///Users/swayambhupanda/Documents/GitHub/applet-framework-demo/extensions/as_framework/framework/assets/scripts/latex/virtualCanvasNodes/BoxNode.ts from cce:/internal/x/prerequisite-imports as file:///Users/swayambhupanda/Documents/GitHub/applet-framework-demo/extensions/as_framework/framework/assets/scripts/latex/virtualCanvasNodes/BoxNode.ts.
debug: Resolve file:///Users/swayambhupanda/Documents/GitHub/applet-framework-demo/extensions/as_framework/framework/assets/scripts/latex/virtualCanvasNodes/HPaddingNode.ts from cce:/internal/x/prerequisite-imports as file:///Users/swayambhupanda/Documents/GitHub/applet-framework-demo/extensions/as_framework/framework/assets/scripts/latex/virtualCanvasNodes/HPaddingNode.ts.
debug: Resolve file:///Users/swayambhupanda/Documents/GitHub/applet-framework-demo/extensions/as_framework/framework/assets/scripts/latex/virtualCanvasNodes/HorizontalLineNode.ts from cce:/internal/x/prerequisite-imports as file:///Users/swayambhupanda/Documents/GitHub/applet-framework-demo/extensions/as_framework/framework/assets/scripts/latex/virtualCanvasNodes/HorizontalLineNode.ts.
debug: Resolve file:///Users/swayambhupanda/Documents/GitHub/applet-framework-demo/extensions/as_framework/framework/assets/scripts/latex/virtualCanvasNodes/SvgNode.ts from cce:/internal/x/prerequisite-imports as file:///Users/swayambhupanda/Documents/GitHub/applet-framework-demo/extensions/as_framework/framework/assets/scripts/latex/virtualCanvasNodes/SvgNode.ts.
debug: Resolve file:///Users/swayambhupanda/Documents/GitHub/applet-framework-demo/extensions/as_framework/framework/assets/scripts/latex/virtualCanvasNodes/TextNode.ts from cce:/internal/x/prerequisite-imports as file:///Users/swayambhupanda/Documents/GitHub/applet-framework-demo/extensions/as_framework/framework/assets/scripts/latex/virtualCanvasNodes/TextNode.ts.
debug: Resolve file:///Users/swayambhupanda/Documents/GitHub/applet-framework-demo/extensions/as_framework/framework/assets/scripts/latex/virtualCanvasNodes/VerticalLineNode.ts from cce:/internal/x/prerequisite-imports as file:///Users/swayambhupanda/Documents/GitHub/applet-framework-demo/extensions/as_framework/framework/assets/scripts/latex/virtualCanvasNodes/VerticalLineNode.ts.
debug: Resolve file:///Users/swayambhupanda/Documents/GitHub/applet-framework-demo/extensions/as_framework/framework/assets/scripts/latex/virtualCanvasNodes/VerticalList.ts from cce:/internal/x/prerequisite-imports as file:///Users/swayambhupanda/Documents/GitHub/applet-framework-demo/extensions/as_framework/framework/assets/scripts/latex/virtualCanvasNodes/VerticalList.ts.
debug: Resolve file:///Users/swayambhupanda/Documents/GitHub/applet-framework-demo/extensions/as_framework/framework/assets/scripts/latex/virtualCanvasNodes/VerticalListRow.ts from cce:/internal/x/prerequisite-imports as file:///Users/swayambhupanda/Documents/GitHub/applet-framework-demo/extensions/as_framework/framework/assets/scripts/latex/virtualCanvasNodes/VerticalListRow.ts.
debug: Resolve file:///Users/swayambhupanda/Documents/GitHub/applet-framework-demo/extensions/as_framework/framework/assets/scripts/latex/virtualCanvasNodes/VirtualCanvasNode.ts from cce:/internal/x/prerequisite-imports as file:///Users/swayambhupanda/Documents/GitHub/applet-framework-demo/extensions/as_framework/framework/assets/scripts/latex/virtualCanvasNodes/VirtualCanvasNode.ts.
debug: Resolve file:///Users/swayambhupanda/Documents/GitHub/applet-framework-demo/extensions/as_framework/framework/assets/scripts/latex/virtualCanvasNodes/VirtualContainerNode.ts from cce:/internal/x/prerequisite-imports as file:///Users/swayambhupanda/Documents/GitHub/applet-framework-demo/extensions/as_framework/framework/assets/scripts/latex/virtualCanvasNodes/VirtualContainerNode.ts.
debug: Resolve file:///Users/swayambhupanda/Documents/GitHub/applet-framework-demo/extensions/as_framework/framework/assets/scripts/latex/virtualCanvasNodes/VirtualStretchyNode.ts from cce:/internal/x/prerequisite-imports as file:///Users/swayambhupanda/Documents/GitHub/applet-framework-demo/extensions/as_framework/framework/assets/scripts/latex/virtualCanvasNodes/VirtualStretchyNode.ts.
debug: Resolve file:///Users/swayambhupanda/Documents/GitHub/applet-framework-demo/extensions/as_framework/framework/assets/scripts/latex/virtualCanvasNodes/index.ts from cce:/internal/x/prerequisite-imports as file:///Users/swayambhupanda/Documents/GitHub/applet-framework-demo/extensions/as_framework/framework/assets/scripts/latex/virtualCanvasNodes/index.ts.
debug: Resolve file:///Users/swayambhupanda/Documents/GitHub/applet-framework-demo/extensions/as_framework/framework/assets/scripts/latex/virtualCanvasNodes/utils.ts from cce:/internal/x/prerequisite-imports as file:///Users/swayambhupanda/Documents/GitHub/applet-framework-demo/extensions/as_framework/framework/assets/scripts/latex/virtualCanvasNodes/utils.ts.
debug: Create cjs interop url for 'file:///Users/swayambhupanda/Documents/GitHub/applet-framework-demo/extensions/as_framework/framework/assets/scripts/loglevel.js'
debug: Resolve file:///Users/swayambhupanda/Documents/GitHub/applet-framework-demo/extensions/as_framework/framework/assets/scripts/loglevel.js from cce:/internal/x/prerequisite-imports as file:///Users/swayambhupanda/Documents/GitHub/applet-framework-demo/extensions/as_framework/framework/assets/scripts/loglevel.mjs?cjs=&original=.js.
debug: Create cjs interop url for 'file:///Users/swayambhupanda/Documents/GitHub/applet-framework-demo/extensions/as_framework/framework/assets/scripts/papaparse.js'
debug: Resolve file:///Users/swayambhupanda/Documents/GitHub/applet-framework-demo/extensions/as_framework/framework/assets/scripts/papaparse.js from cce:/internal/x/prerequisite-imports as file:///Users/swayambhupanda/Documents/GitHub/applet-framework-demo/extensions/as_framework/framework/assets/scripts/papaparse.mjs?cjs=&original=.js.
debug: Create cjs interop url for 'file:///Users/swayambhupanda/Documents/GitHub/applet-framework-demo/extensions/as_framework/framework/assets/scripts/polyglot.js'
debug: Resolve file:///Users/swayambhupanda/Documents/GitHub/applet-framework-demo/extensions/as_framework/framework/assets/scripts/polyglot.js from cce:/internal/x/prerequisite-imports as file:///Users/swayambhupanda/Documents/GitHub/applet-framework-demo/extensions/as_framework/framework/assets/scripts/polyglot.mjs?cjs=&original=.js.
debug: Create cjs interop url for 'file:///Users/swayambhupanda/Documents/GitHub/applet-framework-demo/extensions/as_framework/framework/assets/scripts/webfontloader.js'
debug: Resolve file:///Users/swayambhupanda/Documents/GitHub/applet-framework-demo/extensions/as_framework/framework/assets/scripts/webfontloader.js from cce:/internal/x/prerequisite-imports as file:///Users/swayambhupanda/Documents/GitHub/applet-framework-demo/extensions/as_framework/framework/assets/scripts/webfontloader.mjs?cjs=&original=.js.
debug: Create cjs interop url for 'file:///Users/swayambhupanda/Documents/GitHub/applet-framework-demo/extensions/as_framework/framework/assets/scripts/bezier-easings.js'
debug: Create cjs interop url for 'file:///Users/swayambhupanda/Documents/GitHub/applet-framework-demo/extensions/as_framework/framework/assets/scripts/gif.js'
debug: Create cjs interop url for 'file:///Users/swayambhupanda/Documents/GitHub/applet-framework-demo/extensions/as_framework/framework/assets/scripts/loglevel.js'
debug: Create cjs interop url for 'file:///Users/swayambhupanda/Documents/GitHub/applet-framework-demo/extensions/as_framework/framework/assets/scripts/papaparse.js'
debug: Create cjs interop url for 'file:///Users/swayambhupanda/Documents/GitHub/applet-framework-demo/extensions/as_framework/framework/assets/scripts/polyglot.js'
debug: Create cjs interop url for 'file:///Users/swayambhupanda/Documents/GitHub/applet-framework-demo/extensions/as_framework/framework/assets/scripts/webfontloader.js'
debug: Create cjs interop url for 'file:///Users/swayambhupanda/Documents/GitHub/applet-framework-demo/extensions/as_framework/framework/assets/scripts/latex/katex/katex.js'
debug: Create cjs interop url for 'file:///Users/swayambhupanda/Documents/GitHub/applet-framework-demo/extensions/as_framework/framework/assets/scripts/latex/katex/contrib/mhchem.js'
debug: Target(editor) ends with cost 705.0770410001278ms.
debug: Target(preview) build started.
debug: Detected change: cce:/internal/x/cc. Last mtime: Thu Jan 01 1970 05:30:14 GMT+0530 (India Standard Time), Current mtime: Thu Jan 01 1970 05:30:14 GMT+0530 (India Standard Time)
debug: Inspect cce:/internal/x/cc
debug: Resolve cce:/internal/x/cc-fu/2d from cce:/internal/x/cc as external dependency cce:/internal/x/cc-fu/2d.
debug: Resolve cce:/internal/x/cc-fu/3d from cce:/internal/x/cc as external dependency cce:/internal/x/cc-fu/3d.
debug: Resolve cce:/internal/x/cc-fu/animation from cce:/internal/x/cc as external dependency cce:/internal/x/cc-fu/animation.
debug: Resolve cce:/internal/x/cc-fu/audio from cce:/internal/x/cc as external dependency cce:/internal/x/cc-fu/audio.
debug: Resolve cce:/internal/x/cc-fu/base from cce:/internal/x/cc as external dependency cce:/internal/x/cc-fu/base.
debug: Resolve cce:/internal/x/cc-fu/dragon-bones from cce:/internal/x/cc as external dependency cce:/internal/x/cc-fu/dragon-bones.
debug: Resolve cce:/internal/x/cc-fu/gfx-webgl from cce:/internal/x/cc as external dependency cce:/internal/x/cc-fu/gfx-webgl.
debug: Resolve cce:/internal/x/cc-fu/gfx-webgl2 from cce:/internal/x/cc as external dependency cce:/internal/x/cc-fu/gfx-webgl2.
debug: Resolve cce:/internal/x/cc-fu/intersection-2d from cce:/internal/x/cc as external dependency cce:/internal/x/cc-fu/intersection-2d.
debug: Resolve cce:/internal/x/cc-fu/particle from cce:/internal/x/cc as external dependency cce:/internal/x/cc-fu/particle.
debug: Resolve cce:/internal/x/cc-fu/particle-2d from cce:/internal/x/cc as external dependency cce:/internal/x/cc-fu/particle-2d.
debug: Resolve cce:/internal/x/cc-fu/physics-2d-box2d from cce:/internal/x/cc as external dependency cce:/internal/x/cc-fu/physics-2d-box2d.
debug: Resolve cce:/internal/x/cc-fu/physics-2d-framework from cce:/internal/x/cc as external dependency cce:/internal/x/cc-fu/physics-2d-framework.
debug: Resolve cce:/internal/x/cc-fu/physics-ammo from cce:/internal/x/cc as external dependency cce:/internal/x/cc-fu/physics-ammo.
debug: Resolve cce:/internal/x/cc-fu/physics-framework from cce:/internal/x/cc as external dependency cce:/internal/x/cc-fu/physics-framework.
debug: Resolve cce:/internal/x/cc-fu/wait-for-ammo-instantiation from cce:/internal/x/cc as external dependency cce:/internal/x/cc-fu/wait-for-ammo-instantiation.
debug: Resolve cce:/internal/x/cc-fu/primitive from cce:/internal/x/cc as external dependency cce:/internal/x/cc-fu/primitive.
debug: Resolve cce:/internal/x/cc-fu/profiler from cce:/internal/x/cc as external dependency cce:/internal/x/cc-fu/profiler.
debug: Resolve cce:/internal/x/cc-fu/skeletal-animation from cce:/internal/x/cc as external dependency cce:/internal/x/cc-fu/skeletal-animation.
debug: Resolve cce:/internal/x/cc-fu/spine from cce:/internal/x/cc as external dependency cce:/internal/x/cc-fu/spine.
debug: Resolve cce:/internal/x/cc-fu/terrain from cce:/internal/x/cc as external dependency cce:/internal/x/cc-fu/terrain.
debug: Resolve cce:/internal/x/cc-fu/tiled-map from cce:/internal/x/cc as external dependency cce:/internal/x/cc-fu/tiled-map.
debug: Resolve cce:/internal/x/cc-fu/tween from cce:/internal/x/cc as external dependency cce:/internal/x/cc-fu/tween.
debug: Resolve cce:/internal/x/cc-fu/ui from cce:/internal/x/cc as external dependency cce:/internal/x/cc-fu/ui.
debug: Resolve cce:/internal/x/cc-fu/video from cce:/internal/x/cc as external dependency cce:/internal/x/cc-fu/video.
debug: Resolve cce:/internal/x/cc-fu/webview from cce:/internal/x/cc as external dependency cce:/internal/x/cc-fu/webview.
debug: Detected change: cce:/internal/x/prerequisite-imports. Last mtime: Thu Jan 01 1970 05:30:15 GMT+0530 (India Standard Time), Current mtime: Thu Jan 01 1970 05:30:15 GMT+0530 (India Standard Time)
debug: Inspect cce:/internal/x/prerequisite-imports
debug: Resolve file:///Users/swayambhupanda/Documents/GitHub/applet-framework-demo/assets/AddImage/script/AddImage.ts from cce:/internal/x/prerequisite-imports as file:///Users/swayambhupanda/Documents/GitHub/applet-framework-demo/assets/AddImage/script/AddImage.ts.
debug: Detected change: cce:/internal/code-quality/cr.mjs. Last mtime: Wed Sep 14 2022 13:09:34 GMT+0530 (India Standard Time), Current mtime: Wed Sep 14 2022 13:50:47 GMT+0530 (India Standard Time)
debug: Inspect cce:/internal/code-quality/cr.mjs
debug: Detected change: cce:/internal/ml/cjs-loader.mjs. Last mtime: Wed Sep 14 2022 13:09:34 GMT+0530 (India Standard Time), Current mtime: Wed Sep 14 2022 13:50:47 GMT+0530 (India Standard Time)
debug: Inspect cce:/internal/ml/cjs-loader.mjs
debug: Resolve file:///Users/swayambhupanda/Documents/GitHub/applet-framework-demo/assets/Audio/Audio.ts from cce:/internal/x/prerequisite-imports as file:///Users/swayambhupanda/Documents/GitHub/applet-framework-demo/assets/Audio/Audio.ts.
debug: Resolve file:///Users/swayambhupanda/Documents/GitHub/applet-framework-demo/assets/Background/ChangeBackground.ts from cce:/internal/x/prerequisite-imports as file:///Users/swayambhupanda/Documents/GitHub/applet-framework-demo/assets/Background/ChangeBackground.ts.
debug: Resolve file:///Users/swayambhupanda/Documents/GitHub/applet-framework-demo/assets/Background/CheckPrompt.ts from cce:/internal/x/prerequisite-imports as file:///Users/swayambhupanda/Documents/GitHub/applet-framework-demo/assets/Background/CheckPrompt.ts.
debug: Resolve file:///Users/swayambhupanda/Documents/GitHub/applet-framework-demo/assets/Background/ClickToAppear.ts from cce:/internal/x/prerequisite-imports as file:///Users/swayambhupanda/Documents/GitHub/applet-framework-demo/assets/Background/ClickToAppear.ts.
debug: Resolve file:///Users/swayambhupanda/Documents/GitHub/applet-framework-demo/assets/Background/ValidationEvent.ts from cce:/internal/x/prerequisite-imports as file:///Users/swayambhupanda/Documents/GitHub/applet-framework-demo/assets/Background/ValidationEvent.ts.
debug: Resolve file:///Users/swayambhupanda/Documents/GitHub/applet-framework-demo/assets/Background/puzzle.ts from cce:/internal/x/prerequisite-imports as file:///Users/swayambhupanda/Documents/GitHub/applet-framework-demo/assets/Background/puzzle.ts.
debug: Resolve file:///Users/swayambhupanda/Documents/GitHub/applet-framework-demo/assets/Definition/Definition.ts from cce:/internal/x/prerequisite-imports as file:///Users/swayambhupanda/Documents/GitHub/applet-framework-demo/assets/Definition/Definition.ts.
debug: Resolve file:///Users/swayambhupanda/Documents/GitHub/applet-framework-demo/assets/FIB/FIB.ts from cce:/internal/x/prerequisite-imports as file:///Users/swayambhupanda/Documents/GitHub/applet-framework-demo/assets/FIB/FIB.ts.
debug: Resolve file:///Users/swayambhupanda/Documents/GitHub/applet-framework-demo/assets/GuessTheWord/GuessTheWord.ts from cce:/internal/x/prerequisite-imports as file:///Users/swayambhupanda/Documents/GitHub/applet-framework-demo/assets/GuessTheWord/GuessTheWord.ts.
debug: Resolve file:///Users/swayambhupanda/Documents/GitHub/applet-framework-demo/assets/MCQ/script/MCQ.ts from cce:/internal/x/prerequisite-imports as file:///Users/swayambhupanda/Documents/GitHub/applet-framework-demo/assets/MCQ/script/MCQ.ts.
debug: Resolve file:///Users/swayambhupanda/Documents/GitHub/applet-framework-demo/assets/PickSentence/PickSentence.ts from cce:/internal/x/prerequisite-imports as file:///Users/swayambhupanda/Documents/GitHub/applet-framework-demo/assets/PickSentence/PickSentence.ts.
debug: Resolve file:///Users/swayambhupanda/Documents/GitHub/applet-framework-demo/assets/SelectAndMatch/SelectAndMatch.ts from cce:/internal/x/prerequisite-imports as file:///Users/swayambhupanda/Documents/GitHub/applet-framework-demo/assets/SelectAndMatch/SelectAndMatch.ts.
debug: Resolve file:///Users/swayambhupanda/Documents/GitHub/applet-framework-demo/assets/SnapRearrange/SnapRearrange.ts from cce:/internal/x/prerequisite-imports as file:///Users/swayambhupanda/Documents/GitHub/applet-framework-demo/assets/SnapRearrange/SnapRearrange.ts.
debug: Resolve file:///Users/swayambhupanda/Documents/GitHub/applet-framework-demo/assets/SnapRearrange/assets/Rearrange.ts from cce:/internal/x/prerequisite-imports as file:///Users/swayambhupanda/Documents/GitHub/applet-framework-demo/assets/SnapRearrange/assets/Rearrange.ts.
debug: Resolve file:///Users/swayambhupanda/Documents/GitHub/applet-framework-demo/assets/SnapToSlot/SnapToSlot.ts from cce:/internal/x/prerequisite-imports as file:///Users/swayambhupanda/Documents/GitHub/applet-framework-demo/assets/SnapToSlot/SnapToSlot.ts.
debug: Resolve file:///Users/swayambhupanda/Documents/GitHub/applet-framework-demo/assets/Storypanel/StoryPanel.ts from cce:/internal/x/prerequisite-imports as file:///Users/swayambhupanda/Documents/GitHub/applet-framework-demo/assets/Storypanel/StoryPanel.ts.
debug: Resolve file:///Users/swayambhupanda/Documents/GitHub/applet-framework-demo/assets/Swap/Swap.ts from cce:/internal/x/prerequisite-imports as file:///Users/swayambhupanda/Documents/GitHub/applet-framework-demo/assets/Swap/Swap.ts.
debug: Resolve file:///Users/swayambhupanda/Documents/GitHub/applet-framework-demo/assets/TapPop/AppletController.ts from cce:/internal/x/prerequisite-imports as file:///Users/swayambhupanda/Documents/GitHub/applet-framework-demo/assets/TapPop/AppletController.ts.
debug: Resolve file:///Users/swayambhupanda/Documents/GitHub/applet-framework-demo/assets/TapPop/TapPop.ts from cce:/internal/x/prerequisite-imports as file:///Users/swayambhupanda/Documents/GitHub/applet-framework-demo/assets/TapPop/TapPop.ts.
debug: Resolve file:///Users/swayambhupanda/Documents/GitHub/applet-framework-demo/assets/TapToReveal/TapToReveal.ts from cce:/internal/x/prerequisite-imports as file:///Users/swayambhupanda/Documents/GitHub/applet-framework-demo/assets/TapToReveal/TapToReveal.ts.
debug: Resolve file:///Users/swayambhupanda/Documents/GitHub/applet-framework-demo/assets/Video/Video.ts from cce:/internal/x/prerequisite-imports as file:///Users/swayambhupanda/Documents/GitHub/applet-framework-demo/assets/Video/Video.ts.
debug: Resolve file:///Users/swayambhupanda/Documents/GitHub/applet-framework-demo/extensions/as_framework/framework/assets/scripts/ASComponent.ts from cce:/internal/x/prerequisite-imports as file:///Users/swayambhupanda/Documents/GitHub/applet-framework-demo/extensions/as_framework/framework/assets/scripts/ASComponent.ts.
debug: Resolve file:///Users/swayambhupanda/Documents/GitHub/applet-framework-demo/extensions/as_framework/framework/assets/scripts/AppletConfig.ts from cce:/internal/x/prerequisite-imports as file:///Users/swayambhupanda/Documents/GitHub/applet-framework-demo/extensions/as_framework/framework/assets/scripts/AppletConfig.ts.
debug: Resolve file:///Users/swayambhupanda/Documents/GitHub/applet-framework-demo/extensions/as_framework/framework/assets/scripts/BiDirectionalMap.ts from cce:/internal/x/prerequisite-imports as file:///Users/swayambhupanda/Documents/GitHub/applet-framework-demo/extensions/as_framework/framework/assets/scripts/BiDirectionalMap.ts.
debug: Resolve file:///Users/swayambhupanda/Documents/GitHub/applet-framework-demo/extensions/as_framework/framework/assets/scripts/Blackboard.ts from cce:/internal/x/prerequisite-imports as file:///Users/swayambhupanda/Documents/GitHub/applet-framework-demo/extensions/as_framework/framework/assets/scripts/Blackboard.ts.
debug: Resolve file:///Users/swayambhupanda/Documents/GitHub/applet-framework-demo/extensions/as_framework/framework/assets/scripts/ColourRect.ts from cce:/internal/x/prerequisite-imports as file:///Users/swayambhupanda/Documents/GitHub/applet-framework-demo/extensions/as_framework/framework/assets/scripts/ColourRect.ts.
debug: Resolve file:///Users/swayambhupanda/Documents/GitHub/applet-framework-demo/extensions/as_framework/framework/assets/scripts/DownloadButton.ts from cce:/internal/x/prerequisite-imports as file:///Users/swayambhupanda/Documents/GitHub/applet-framework-demo/extensions/as_framework/framework/assets/scripts/DownloadButton.ts.
debug: Resolve file:///Users/swayambhupanda/Documents/GitHub/applet-framework-demo/extensions/as_framework/framework/assets/scripts/ErrorHandling.ts from cce:/internal/x/prerequisite-imports as file:///Users/swayambhupanda/Documents/GitHub/applet-framework-demo/extensions/as_framework/framework/assets/scripts/ErrorHandling.ts.
debug: Resolve file:///Users/swayambhupanda/Documents/GitHub/applet-framework-demo/extensions/as_framework/framework/assets/scripts/FontManager.ts from cce:/internal/x/prerequisite-imports as file:///Users/swayambhupanda/Documents/GitHub/applet-framework-demo/extensions/as_framework/framework/assets/scripts/FontManager.ts.
debug: Resolve file:///Users/swayambhupanda/Documents/GitHub/applet-framework-demo/extensions/as_framework/framework/assets/scripts/GameLoading.ts from cce:/internal/x/prerequisite-imports as file:///Users/swayambhupanda/Documents/GitHub/applet-framework-demo/extensions/as_framework/framework/assets/scripts/GameLoading.ts.
debug: Resolve file:///Users/swayambhupanda/Documents/GitHub/applet-framework-demo/extensions/as_framework/framework/assets/scripts/GeogebraView.ts from cce:/internal/x/prerequisite-imports as file:///Users/swayambhupanda/Documents/GitHub/applet-framework-demo/extensions/as_framework/framework/assets/scripts/GeogebraView.ts.
debug: Resolve file:///Users/swayambhupanda/Documents/GitHub/applet-framework-demo/extensions/as_framework/framework/assets/scripts/GifPlayer.ts from cce:/internal/x/prerequisite-imports as file:///Users/swayambhupanda/Documents/GitHub/applet-framework-demo/extensions/as_framework/framework/assets/scripts/GifPlayer.ts.
debug: Resolve file:///Users/swayambhupanda/Documents/GitHub/applet-framework-demo/extensions/as_framework/framework/assets/scripts/GroupTag.ts from cce:/internal/x/prerequisite-imports as file:///Users/swayambhupanda/Documents/GitHub/applet-framework-demo/extensions/as_framework/framework/assets/scripts/GroupTag.ts.
debug: Resolve file:///Users/swayambhupanda/Documents/GitHub/applet-framework-demo/extensions/as_framework/framework/assets/scripts/GroupToggle.ts from cce:/internal/x/prerequisite-imports as file:///Users/swayambhupanda/Documents/GitHub/applet-framework-demo/extensions/as_framework/framework/assets/scripts/GroupToggle.ts.
debug: Resolve file:///Users/swayambhupanda/Documents/GitHub/applet-framework-demo/extensions/as_framework/framework/assets/scripts/LatexRenderer.ts from cce:/internal/x/prerequisite-imports as file:///Users/swayambhupanda/Documents/GitHub/applet-framework-demo/extensions/as_framework/framework/assets/scripts/LatexRenderer.ts.
debug: Resolve file:///Users/swayambhupanda/Documents/GitHub/applet-framework-demo/extensions/as_framework/framework/assets/scripts/LiteEvent.ts from cce:/internal/x/prerequisite-imports as file:///Users/swayambhupanda/Documents/GitHub/applet-framework-demo/extensions/as_framework/framework/assets/scripts/LiteEvent.ts.
debug: Resolve file:///Users/swayambhupanda/Documents/GitHub/applet-framework-demo/extensions/as_framework/framework/assets/scripts/Logger.ts from cce:/internal/x/prerequisite-imports as file:///Users/swayambhupanda/Documents/GitHub/applet-framework-demo/extensions/as_framework/framework/assets/scripts/Logger.ts.
debug: Resolve file:///Users/swayambhupanda/Documents/GitHub/applet-framework-demo/extensions/as_framework/framework/assets/scripts/MatchTheFollowing.ts from cce:/internal/x/prerequisite-imports as file:///Users/swayambhupanda/Documents/GitHub/applet-framework-demo/extensions/as_framework/framework/assets/scripts/MatchTheFollowing.ts.
debug: Resolve file:///Users/swayambhupanda/Documents/GitHub/applet-framework-demo/extensions/as_framework/framework/assets/scripts/MenuController.ts from cce:/internal/x/prerequisite-imports as file:///Users/swayambhupanda/Documents/GitHub/applet-framework-demo/extensions/as_framework/framework/assets/scripts/MenuController.ts.
debug: Resolve file:///Users/swayambhupanda/Documents/GitHub/applet-framework-demo/extensions/as_framework/framework/assets/scripts/NetworkReplicator.ts from cce:/internal/x/prerequisite-imports as file:///Users/swayambhupanda/Documents/GitHub/applet-framework-demo/extensions/as_framework/framework/assets/scripts/NetworkReplicator.ts.
debug: Resolve file:///Users/swayambhupanda/Documents/GitHub/applet-framework-demo/extensions/as_framework/framework/assets/scripts/OptionButton.ts from cce:/internal/x/prerequisite-imports as file:///Users/swayambhupanda/Documents/GitHub/applet-framework-demo/extensions/as_framework/framework/assets/scripts/OptionButton.ts.
debug: Resolve file:///Users/swayambhupanda/Documents/GitHub/applet-framework-demo/extensions/as_framework/framework/assets/scripts/OptionData.ts from cce:/internal/x/prerequisite-imports as file:///Users/swayambhupanda/Documents/GitHub/applet-framework-demo/extensions/as_framework/framework/assets/scripts/OptionData.ts.
debug: Resolve file:///Users/swayambhupanda/Documents/GitHub/applet-framework-demo/extensions/as_framework/framework/assets/scripts/OptionItem.ts from cce:/internal/x/prerequisite-imports as file:///Users/swayambhupanda/Documents/GitHub/applet-framework-demo/extensions/as_framework/framework/assets/scripts/OptionItem.ts.
debug: Resolve file:///Users/swayambhupanda/Documents/GitHub/applet-framework-demo/extensions/as_framework/framework/assets/scripts/ReplicatedButton.ts from cce:/internal/x/prerequisite-imports as file:///Users/swayambhupanda/Documents/GitHub/applet-framework-demo/extensions/as_framework/framework/assets/scripts/ReplicatedButton.ts.
debug: Resolve file:///Users/swayambhupanda/Documents/GitHub/applet-framework-demo/extensions/as_framework/framework/assets/scripts/ReplicatedEditBox.ts from cce:/internal/x/prerequisite-imports as file:///Users/swayambhupanda/Documents/GitHub/applet-framework-demo/extensions/as_framework/framework/assets/scripts/ReplicatedEditBox.ts.
debug: Resolve file:///Users/swayambhupanda/Documents/GitHub/applet-framework-demo/extensions/as_framework/framework/assets/scripts/ReplicatedOptionButton.ts from cce:/internal/x/prerequisite-imports as file:///Users/swayambhupanda/Documents/GitHub/applet-framework-demo/extensions/as_framework/framework/assets/scripts/ReplicatedOptionButton.ts.
debug: Resolve file:///Users/swayambhupanda/Documents/GitHub/applet-framework-demo/extensions/as_framework/framework/assets/scripts/ReplicatedSlider.ts from cce:/internal/x/prerequisite-imports as file:///Users/swayambhupanda/Documents/GitHub/applet-framework-demo/extensions/as_framework/framework/assets/scripts/ReplicatedSlider.ts.
debug: Resolve file:///Users/swayambhupanda/Documents/GitHub/applet-framework-demo/extensions/as_framework/framework/assets/scripts/ReplicatedSoftEditBox.ts from cce:/internal/x/prerequisite-imports as file:///Users/swayambhupanda/Documents/GitHub/applet-framework-demo/extensions/as_framework/framework/assets/scripts/ReplicatedSoftEditBox.ts.
debug: Resolve file:///Users/swayambhupanda/Documents/GitHub/applet-framework-demo/extensions/as_framework/framework/assets/scripts/ReplicatedToggle.ts from cce:/internal/x/prerequisite-imports as file:///Users/swayambhupanda/Documents/GitHub/applet-framework-demo/extensions/as_framework/framework/assets/scripts/ReplicatedToggle.ts.
debug: Resolve file:///Users/swayambhupanda/Documents/GitHub/applet-framework-demo/extensions/as_framework/framework/assets/scripts/ReplicatedUIDrag.ts from cce:/internal/x/prerequisite-imports as file:///Users/swayambhupanda/Documents/GitHub/applet-framework-demo/extensions/as_framework/framework/assets/scripts/ReplicatedUIDrag.ts.
debug: Resolve file:///Users/swayambhupanda/Documents/GitHub/applet-framework-demo/extensions/as_framework/framework/assets/scripts/ReplicatedUIPopup.ts from cce:/internal/x/prerequisite-imports as file:///Users/swayambhupanda/Documents/GitHub/applet-framework-demo/extensions/as_framework/framework/assets/scripts/ReplicatedUIPopup.ts.
debug: Resolve file:///Users/swayambhupanda/Documents/GitHub/applet-framework-demo/extensions/as_framework/framework/assets/scripts/ResponsiveCanvas.ts from cce:/internal/x/prerequisite-imports as file:///Users/swayambhupanda/Documents/GitHub/applet-framework-demo/extensions/as_framework/framework/assets/scripts/ResponsiveCanvas.ts.
debug: Resolve file:///Users/swayambhupanda/Documents/GitHub/applet-framework-demo/extensions/as_framework/framework/assets/scripts/Screenshot.ts from cce:/internal/x/prerequisite-imports as file:///Users/swayambhupanda/Documents/GitHub/applet-framework-demo/extensions/as_framework/framework/assets/scripts/Screenshot.ts.
debug: Resolve file:///Users/swayambhupanda/Documents/GitHub/applet-framework-demo/extensions/as_framework/framework/assets/scripts/SoftEditBox.ts from cce:/internal/x/prerequisite-imports as file:///Users/swayambhupanda/Documents/GitHub/applet-framework-demo/extensions/as_framework/framework/assets/scripts/SoftEditBox.ts.
debug: Resolve file:///Users/swayambhupanda/Documents/GitHub/applet-framework-demo/extensions/as_framework/framework/assets/scripts/SoftKey.ts from cce:/internal/x/prerequisite-imports as file:///Users/swayambhupanda/Documents/GitHub/applet-framework-demo/extensions/as_framework/framework/assets/scripts/SoftKey.ts.
debug: Resolve file:///Users/swayambhupanda/Documents/GitHub/applet-framework-demo/extensions/as_framework/framework/assets/scripts/SoftKeypad.ts from cce:/internal/x/prerequisite-imports as file:///Users/swayambhupanda/Documents/GitHub/applet-framework-demo/extensions/as_framework/framework/assets/scripts/SoftKeypad.ts.
debug: Resolve file:///Users/swayambhupanda/Documents/GitHub/applet-framework-demo/extensions/as_framework/framework/assets/scripts/TranslatedLabel.ts from cce:/internal/x/prerequisite-imports as file:///Users/swayambhupanda/Documents/GitHub/applet-framework-demo/extensions/as_framework/framework/assets/scripts/TranslatedLabel.ts.
debug: Resolve file:///Users/swayambhupanda/Documents/GitHub/applet-framework-demo/extensions/as_framework/framework/assets/scripts/TranslatedOptionButton.ts from cce:/internal/x/prerequisite-imports as file:///Users/swayambhupanda/Documents/GitHub/applet-framework-demo/extensions/as_framework/framework/assets/scripts/TranslatedOptionButton.ts.
debug: Resolve file:///Users/swayambhupanda/Documents/GitHub/applet-framework-demo/extensions/as_framework/framework/assets/scripts/TranslatedSprite.ts from cce:/internal/x/prerequisite-imports as file:///Users/swayambhupanda/Documents/GitHub/applet-framework-demo/extensions/as_framework/framework/assets/scripts/TranslatedSprite.ts.
debug: Resolve file:///Users/swayambhupanda/Documents/GitHub/applet-framework-demo/extensions/as_framework/framework/assets/scripts/Translations.ts from cce:/internal/x/prerequisite-imports as file:///Users/swayambhupanda/Documents/GitHub/applet-framework-demo/extensions/as_framework/framework/assets/scripts/Translations.ts.
debug: Resolve file:///Users/swayambhupanda/Documents/GitHub/applet-framework-demo/extensions/as_framework/framework/assets/scripts/UIAnim.ts from cce:/internal/x/prerequisite-imports as file:///Users/swayambhupanda/Documents/GitHub/applet-framework-demo/extensions/as_framework/framework/assets/scripts/UIAnim.ts.
debug: Resolve file:///Users/swayambhupanda/Documents/GitHub/applet-framework-demo/extensions/as_framework/framework/assets/scripts/UIAnimLibrary.ts from cce:/internal/x/prerequisite-imports as file:///Users/swayambhupanda/Documents/GitHub/applet-framework-demo/extensions/as_framework/framework/assets/scripts/UIAnimLibrary.ts.
debug: Resolve file:///Users/swayambhupanda/Documents/GitHub/applet-framework-demo/extensions/as_framework/framework/assets/scripts/UIDrag.ts from cce:/internal/x/prerequisite-imports as file:///Users/swayambhupanda/Documents/GitHub/applet-framework-demo/extensions/as_framework/framework/assets/scripts/UIDrag.ts.
debug: Resolve file:///Users/swayambhupanda/Documents/GitHub/applet-framework-demo/extensions/as_framework/framework/assets/scripts/UIDragSort.ts from cce:/internal/x/prerequisite-imports as file:///Users/swayambhupanda/Documents/GitHub/applet-framework-demo/extensions/as_framework/framework/assets/scripts/UIDragSort.ts.
debug: Resolve file:///Users/swayambhupanda/Documents/GitHub/applet-framework-demo/extensions/as_framework/framework/assets/scripts/UIDragSwap.ts from cce:/internal/x/prerequisite-imports as file:///Users/swayambhupanda/Documents/GitHub/applet-framework-demo/extensions/as_framework/framework/assets/scripts/UIDragSwap.ts.
debug: Resolve file:///Users/swayambhupanda/Documents/GitHub/applet-framework-demo/extensions/as_framework/framework/assets/scripts/UIDrop.ts from cce:/internal/x/prerequisite-imports as file:///Users/swayambhupanda/Documents/GitHub/applet-framework-demo/extensions/as_framework/framework/assets/scripts/UIDrop.ts.
debug: Resolve file:///Users/swayambhupanda/Documents/GitHub/applet-framework-demo/extensions/as_framework/framework/assets/scripts/UIPopup.ts from cce:/internal/x/prerequisite-imports as file:///Users/swayambhupanda/Documents/GitHub/applet-framework-demo/extensions/as_framework/framework/assets/scripts/UIPopup.ts.
debug: Resolve file:///Users/swayambhupanda/Documents/GitHub/applet-framework-demo/extensions/as_framework/framework/assets/scripts/UITheme.ts from cce:/internal/x/prerequisite-imports as file:///Users/swayambhupanda/Documents/GitHub/applet-framework-demo/extensions/as_framework/framework/assets/scripts/UITheme.ts.
debug: Resolve file:///Users/swayambhupanda/Documents/GitHub/applet-framework-demo/extensions/as_framework/framework/assets/scripts/UIView.ts from cce:/internal/x/prerequisite-imports as file:///Users/swayambhupanda/Documents/GitHub/applet-framework-demo/extensions/as_framework/framework/assets/scripts/UIView.ts.
debug: Resolve file:///Users/swayambhupanda/Documents/GitHub/applet-framework-demo/extensions/as_framework/framework/assets/scripts/Utils.ts from cce:/internal/x/prerequisite-imports as file:///Users/swayambhupanda/Documents/GitHub/applet-framework-demo/extensions/as_framework/framework/assets/scripts/Utils.ts.
debug: Create cjs interop url for 'file:///Users/swayambhupanda/Documents/GitHub/applet-framework-demo/extensions/as_framework/framework/assets/scripts/bezier-easings.js'
debug: Resolve file:///Users/swayambhupanda/Documents/GitHub/applet-framework-demo/extensions/as_framework/framework/assets/scripts/bezier-easings.js from cce:/internal/x/prerequisite-imports as file:///Users/swayambhupanda/Documents/GitHub/applet-framework-demo/extensions/as_framework/framework/assets/scripts/bezier-easings.mjs?cjs=&original=.js.
debug: Create cjs interop url for 'file:///Users/swayambhupanda/Documents/GitHub/applet-framework-demo/extensions/as_framework/framework/assets/scripts/gif.js'
debug: Resolve file:///Users/swayambhupanda/Documents/GitHub/applet-framework-demo/extensions/as_framework/framework/assets/scripts/gif.js from cce:/internal/x/prerequisite-imports as file:///Users/swayambhupanda/Documents/GitHub/applet-framework-demo/extensions/as_framework/framework/assets/scripts/gif.mjs?cjs=&original=.js.
debug: Resolve file:///Users/swayambhupanda/Documents/GitHub/applet-framework-demo/extensions/as_framework/framework/assets/scripts/index.ts from cce:/internal/x/prerequisite-imports as file:///Users/swayambhupanda/Documents/GitHub/applet-framework-demo/extensions/as_framework/framework/assets/scripts/index.ts.
debug: Resolve file:///Users/swayambhupanda/Documents/GitHub/applet-framework-demo/extensions/as_framework/framework/assets/scripts/latex/RenderingState.ts from cce:/internal/x/prerequisite-imports as file:///Users/swayambhupanda/Documents/GitHub/applet-framework-demo/extensions/as_framework/framework/assets/scripts/latex/RenderingState.ts.
debug: Resolve file:///Users/swayambhupanda/Documents/GitHub/applet-framework-demo/extensions/as_framework/framework/assets/scripts/latex/VirtualNodeBuilder.ts from cce:/internal/x/prerequisite-imports as file:///Users/swayambhupanda/Documents/GitHub/applet-framework-demo/extensions/as_framework/framework/assets/scripts/latex/VirtualNodeBuilder.ts.
debug: Resolve file:///Users/swayambhupanda/Documents/GitHub/applet-framework-demo/extensions/as_framework/framework/assets/scripts/latex/classStateMapping.ts from cce:/internal/x/prerequisite-imports as file:///Users/swayambhupanda/Documents/GitHub/applet-framework-demo/extensions/as_framework/framework/assets/scripts/latex/classStateMapping.ts.
debug: Create cjs interop url for 'file:///Users/swayambhupanda/Documents/GitHub/applet-framework-demo/extensions/as_framework/framework/assets/scripts/latex/katex/contrib/mhchem.js'
debug: Resolve file:///Users/swayambhupanda/Documents/GitHub/applet-framework-demo/extensions/as_framework/framework/assets/scripts/latex/katex/contrib/mhchem.js from cce:/internal/x/prerequisite-imports as file:///Users/swayambhupanda/Documents/GitHub/applet-framework-demo/extensions/as_framework/framework/assets/scripts/latex/katex/contrib/mhchem.mjs?cjs=&original=.js.
debug: Create cjs interop url for 'file:///Users/swayambhupanda/Documents/GitHub/applet-framework-demo/extensions/as_framework/framework/assets/scripts/latex/katex/katex.js'
debug: Resolve file:///Users/swayambhupanda/Documents/GitHub/applet-framework-demo/extensions/as_framework/framework/assets/scripts/latex/katex/katex.js from cce:/internal/x/prerequisite-imports as file:///Users/swayambhupanda/Documents/GitHub/applet-framework-demo/extensions/as_framework/framework/assets/scripts/latex/katex/katex.mjs?cjs=&original=.js.
debug: Resolve file:///Users/swayambhupanda/Documents/GitHub/applet-framework-demo/extensions/as_framework/framework/assets/scripts/latex/styleStateMapping.ts from cce:/internal/x/prerequisite-imports as file:///Users/swayambhupanda/Documents/GitHub/applet-framework-demo/extensions/as_framework/framework/assets/scripts/latex/styleStateMapping.ts.
debug: Resolve file:///Users/swayambhupanda/Documents/GitHub/applet-framework-demo/extensions/as_framework/framework/assets/scripts/latex/virtualCanvasNodes/BoxNode.ts from cce:/internal/x/prerequisite-imports as file:///Users/swayambhupanda/Documents/GitHub/applet-framework-demo/extensions/as_framework/framework/assets/scripts/latex/virtualCanvasNodes/BoxNode.ts.
debug: Resolve file:///Users/swayambhupanda/Documents/GitHub/applet-framework-demo/extensions/as_framework/framework/assets/scripts/latex/virtualCanvasNodes/HPaddingNode.ts from cce:/internal/x/prerequisite-imports as file:///Users/swayambhupanda/Documents/GitHub/applet-framework-demo/extensions/as_framework/framework/assets/scripts/latex/virtualCanvasNodes/HPaddingNode.ts.
debug: Resolve file:///Users/swayambhupanda/Documents/GitHub/applet-framework-demo/extensions/as_framework/framework/assets/scripts/latex/virtualCanvasNodes/HorizontalLineNode.ts from cce:/internal/x/prerequisite-imports as file:///Users/swayambhupanda/Documents/GitHub/applet-framework-demo/extensions/as_framework/framework/assets/scripts/latex/virtualCanvasNodes/HorizontalLineNode.ts.
debug: Resolve file:///Users/swayambhupanda/Documents/GitHub/applet-framework-demo/extensions/as_framework/framework/assets/scripts/latex/virtualCanvasNodes/SvgNode.ts from cce:/internal/x/prerequisite-imports as file:///Users/swayambhupanda/Documents/GitHub/applet-framework-demo/extensions/as_framework/framework/assets/scripts/latex/virtualCanvasNodes/SvgNode.ts.
debug: Resolve file:///Users/swayambhupanda/Documents/GitHub/applet-framework-demo/extensions/as_framework/framework/assets/scripts/latex/virtualCanvasNodes/TextNode.ts from cce:/internal/x/prerequisite-imports as file:///Users/swayambhupanda/Documents/GitHub/applet-framework-demo/extensions/as_framework/framework/assets/scripts/latex/virtualCanvasNodes/TextNode.ts.
debug: Resolve file:///Users/swayambhupanda/Documents/GitHub/applet-framework-demo/extensions/as_framework/framework/assets/scripts/latex/virtualCanvasNodes/VerticalLineNode.ts from cce:/internal/x/prerequisite-imports as file:///Users/swayambhupanda/Documents/GitHub/applet-framework-demo/extensions/as_framework/framework/assets/scripts/latex/virtualCanvasNodes/VerticalLineNode.ts.
debug: Resolve file:///Users/swayambhupanda/Documents/GitHub/applet-framework-demo/extensions/as_framework/framework/assets/scripts/latex/virtualCanvasNodes/VerticalList.ts from cce:/internal/x/prerequisite-imports as file:///Users/swayambhupanda/Documents/GitHub/applet-framework-demo/extensions/as_framework/framework/assets/scripts/latex/virtualCanvasNodes/VerticalList.ts.
debug: Resolve file:///Users/swayambhupanda/Documents/GitHub/applet-framework-demo/extensions/as_framework/framework/assets/scripts/latex/virtualCanvasNodes/VerticalListRow.ts from cce:/internal/x/prerequisite-imports as file:///Users/swayambhupanda/Documents/GitHub/applet-framework-demo/extensions/as_framework/framework/assets/scripts/latex/virtualCanvasNodes/VerticalListRow.ts.
debug: Resolve file:///Users/swayambhupanda/Documents/GitHub/applet-framework-demo/extensions/as_framework/framework/assets/scripts/latex/virtualCanvasNodes/VirtualCanvasNode.ts from cce:/internal/x/prerequisite-imports as file:///Users/swayambhupanda/Documents/GitHub/applet-framework-demo/extensions/as_framework/framework/assets/scripts/latex/virtualCanvasNodes/VirtualCanvasNode.ts.
debug: Resolve file:///Users/swayambhupanda/Documents/GitHub/applet-framework-demo/extensions/as_framework/framework/assets/scripts/latex/virtualCanvasNodes/VirtualContainerNode.ts from cce:/internal/x/prerequisite-imports as file:///Users/swayambhupanda/Documents/GitHub/applet-framework-demo/extensions/as_framework/framework/assets/scripts/latex/virtualCanvasNodes/VirtualContainerNode.ts.
debug: Resolve file:///Users/swayambhupanda/Documents/GitHub/applet-framework-demo/extensions/as_framework/framework/assets/scripts/latex/virtualCanvasNodes/VirtualStretchyNode.ts from cce:/internal/x/prerequisite-imports as file:///Users/swayambhupanda/Documents/GitHub/applet-framework-demo/extensions/as_framework/framework/assets/scripts/latex/virtualCanvasNodes/VirtualStretchyNode.ts.
debug: Resolve file:///Users/swayambhupanda/Documents/GitHub/applet-framework-demo/extensions/as_framework/framework/assets/scripts/latex/virtualCanvasNodes/index.ts from cce:/internal/x/prerequisite-imports as file:///Users/swayambhupanda/Documents/GitHub/applet-framework-demo/extensions/as_framework/framework/assets/scripts/latex/virtualCanvasNodes/index.ts.
debug: Resolve file:///Users/swayambhupanda/Documents/GitHub/applet-framework-demo/extensions/as_framework/framework/assets/scripts/latex/virtualCanvasNodes/utils.ts from cce:/internal/x/prerequisite-imports as file:///Users/swayambhupanda/Documents/GitHub/applet-framework-demo/extensions/as_framework/framework/assets/scripts/latex/virtualCanvasNodes/utils.ts.
debug: Create cjs interop url for 'file:///Users/swayambhupanda/Documents/GitHub/applet-framework-demo/extensions/as_framework/framework/assets/scripts/loglevel.js'
debug: Resolve file:///Users/swayambhupanda/Documents/GitHub/applet-framework-demo/extensions/as_framework/framework/assets/scripts/loglevel.js from cce:/internal/x/prerequisite-imports as file:///Users/swayambhupanda/Documents/GitHub/applet-framework-demo/extensions/as_framework/framework/assets/scripts/loglevel.mjs?cjs=&original=.js.
debug: Create cjs interop url for 'file:///Users/swayambhupanda/Documents/GitHub/applet-framework-demo/extensions/as_framework/framework/assets/scripts/papaparse.js'
debug: Resolve file:///Users/swayambhupanda/Documents/GitHub/applet-framework-demo/extensions/as_framework/framework/assets/scripts/papaparse.js from cce:/internal/x/prerequisite-imports as file:///Users/swayambhupanda/Documents/GitHub/applet-framework-demo/extensions/as_framework/framework/assets/scripts/papaparse.mjs?cjs=&original=.js.
debug: Create cjs interop url for 'file:///Users/swayambhupanda/Documents/GitHub/applet-framework-demo/extensions/as_framework/framework/assets/scripts/polyglot.js'
debug: Resolve file:///Users/swayambhupanda/Documents/GitHub/applet-framework-demo/extensions/as_framework/framework/assets/scripts/polyglot.js from cce:/internal/x/prerequisite-imports as file:///Users/swayambhupanda/Documents/GitHub/applet-framework-demo/extensions/as_framework/framework/assets/scripts/polyglot.mjs?cjs=&original=.js.
debug: Create cjs interop url for 'file:///Users/swayambhupanda/Documents/GitHub/applet-framework-demo/extensions/as_framework/framework/assets/scripts/webfontloader.js'
debug: Resolve file:///Users/swayambhupanda/Documents/GitHub/applet-framework-demo/extensions/as_framework/framework/assets/scripts/webfontloader.js from cce:/internal/x/prerequisite-imports as file:///Users/swayambhupanda/Documents/GitHub/applet-framework-demo/extensions/as_framework/framework/assets/scripts/webfontloader.mjs?cjs=&original=.js.
debug: Create cjs interop url for 'file:///Users/swayambhupanda/Documents/GitHub/applet-framework-demo/extensions/as_framework/framework/assets/scripts/bezier-easings.js'
debug: Create cjs interop url for 'file:///Users/swayambhupanda/Documents/GitHub/applet-framework-demo/extensions/as_framework/framework/assets/scripts/gif.js'
debug: Create cjs interop url for 'file:///Users/swayambhupanda/Documents/GitHub/applet-framework-demo/extensions/as_framework/framework/assets/scripts/loglevel.js'
debug: Create cjs interop url for 'file:///Users/swayambhupanda/Documents/GitHub/applet-framework-demo/extensions/as_framework/framework/assets/scripts/papaparse.js'
debug: Create cjs interop url for 'file:///Users/swayambhupanda/Documents/GitHub/applet-framework-demo/extensions/as_framework/framework/assets/scripts/polyglot.js'
debug: Create cjs interop url for 'file:///Users/swayambhupanda/Documents/GitHub/applet-framework-demo/extensions/as_framework/framework/assets/scripts/webfontloader.js'
debug: Create cjs interop url for 'file:///Users/swayambhupanda/Documents/GitHub/applet-framework-demo/extensions/as_framework/framework/assets/scripts/latex/katex/katex.js'
debug: Create cjs interop url for 'file:///Users/swayambhupanda/Documents/GitHub/applet-framework-demo/extensions/as_framework/framework/assets/scripts/latex/katex/contrib/mhchem.js'
debug: Target(preview) ends with cost 407.86370800435543ms.
